14:00:42.042 [main] INFO  org.testng.internal.Utils - [TestNG] Time taken by org.testng.reporters.EmailableReporter2@1817f1eb: 4 ms
14:00:42.042 [main] INFO  org.testng.internal.Utils - [TestNG] Time taken by org.testng.reporters.JUnitReportReporter@c4ed84: 1 ms
14:00:42.042 [main] INFO  org.testng.internal.Utils - [TestNG] Time taken by org.testng.internal.ExitCodeListener@189aa67a: 0 ms
14:06:48.048 [main] INFO  org.testng.internal.Utils - [TestNG] Running:
  C:\Users\sharm\eclipse-workspace\OpenCartV1\master.xml

14:06:49.049 [main] INFO  testcases.TC003_LoginDDTest - ***Navigating to URL***
14:06:50.050 [main] INFO  testcases.TC003_LoginDDTest - ***URL Loaded****
14:06:51.051 [main] INFO  testcases.TC003_LoginDDTest - ***Starting LoginDDTest***
14:06:51.051 [main] INFO  testcases.TC003_LoginDDTest - *** At Login Page***
14:06:52.052 [main] INFO  testcases.TC003_LoginDDTest - ***Test Passed
14:06:52.052 [main] INFO  testcases.TC003_LoginDDTest - ***Finished LoginDDTest***
14:06:52.052 [main] INFO  testcases.TC003_LoginDDTest - ***Starting LoginDDTest***
14:06:52.052 [main] INFO  testcases.TC003_LoginDDTest - *** At Login Page***
14:06:53.053 [main] INFO  testcases.TC003_LoginDDTest - ***Test Failed***
14:06:53.053 [main] INFO  testcases.TC003_LoginDDTest - ***Finished LoginDDTest***
14:06:53.053 [main] INFO  testcases.TC003_LoginDDTest - ***Starting LoginDDTest***
14:06:53.053 [main] INFO  testcases.TC003_LoginDDTest - *** At Login Page***
14:06:54.054 [main] INFO  testcases.TC003_LoginDDTest - ***Test Failed***
14:06:55.055 [main] INFO  testcases.TC003_LoginDDTest - ***Finished LoginDDTest***
14:06:55.055 [main] INFO  testcases.TC003_LoginDDTest - ***Starting LoginDDTest***
14:06:55.055 [main] INFO  testcases.TC003_LoginDDTest - *** At Login Page***
14:07:05.005 [main] INFO  testcases.TC003_LoginDDTest - ***Test Passed
14:07:05.005 [main] INFO  testcases.TC003_LoginDDTest - ***Finished LoginDDTest***
14:07:05.005 [main] INFO  testcases.TC003_LoginDDTest - ***Starting LoginDDTest***
14:07:06.006 [main] INFO  testcases.TC003_LoginDDTest - *** At Login Page***
14:07:06.006 [main] INFO  testcases.TC003_LoginDDTest - ***Test Passed
14:07:07.007 [main] INFO  testcases.TC003_LoginDDTest - ***Finished LoginDDTest***
20:32:47.047 [main] INFO  org.testng.internal.Utils - [TestNG] Running:
  C:\Users\sharm\eclipse-workspace\OpenCartV1\grouping.xml

20:32:49.049 [main] INFO  testcases.TC001_AccountRegistrationTest - ***Navigating to URL***
20:32:52.052 [main] INFO  testcases.TC001_AccountRegistrationTest - ***URL Loaded****
20:32:52.052 [main] INFO  testcases.TC001_AccountRegistrationTest - ***Starting verify_account_registration() execution***
20:32:52.052 [main] INFO  testcases.TC001_AccountRegistrationTest - ***Navigating to Register Page***
20:32:54.054 [main] INFO  testcases.TC001_AccountRegistrationTest - ***Providing customer details***
20:32:55.055 [main] INFO  testcases.TC001_AccountRegistrationTest - ***Validating confirmation message***
20:32:55.055 [main] INFO  testcases.TC001_AccountRegistrationTest - ***Test Passed***
20:33:41.041 [main] INFO  org.testng.internal.Utils - [TestNG] Running:
  C:\Users\sharm\eclipse-workspace\OpenCartV1\grouping.xml

20:33:42.042 [main] INFO  testcases.TC002_LoginPageTest - ***Navigating to URL***
20:33:42.042 [main] INFO  testcases.TC002_LoginPageTest - ***URL Loaded****
20:33:42.042 [main] INFO  testcases.TC002_LoginPageTest - ***Starting TC_002_LoginPageTest***
20:33:43.043 [main] INFO  testcases.TC002_LoginPageTest - ***Navigated to login page***
20:33:43.043 [main] INFO  testcases.TC002_LoginPageTest - ***Validating LoginSuccess***
20:33:43.043 [main] INFO  testcases.TC002_LoginPageTest - ***Test Passed***
20:33:43.043 [main] INFO  testcases.TC002_LoginPageTest - ***Finished TC002_TestLoginPage***
20:33:44.044 [main] INFO  testcases.TC003_LoginDDTest - ***Navigating to URL***
20:33:45.045 [main] INFO  testcases.TC003_LoginDDTest - ***URL Loaded****
20:33:45.045 [main] INFO  testcases.TC003_LoginDDTest - ***Starting LoginDDTest***
20:33:46.046 [main] INFO  testcases.TC003_LoginDDTest - *** At Login Page***
20:33:46.046 [main] INFO  testcases.TC003_LoginDDTest - ***Test Passed
20:33:47.047 [main] INFO  testcases.TC003_LoginDDTest - ***Finished LoginDDTest***
20:33:47.047 [main] INFO  testcases.TC003_LoginDDTest - ***Starting LoginDDTest***
20:33:47.047 [main] INFO  testcases.TC003_LoginDDTest - *** At Login Page***
20:33:48.048 [main] INFO  testcases.TC003_LoginDDTest - ***Test Failed***
20:33:48.048 [main] INFO  testcases.TC003_LoginDDTest - ***Finished LoginDDTest***
20:33:48.048 [main] INFO  testcases.TC003_LoginDDTest - ***Starting LoginDDTest***
20:33:48.048 [main] INFO  testcases.TC003_LoginDDTest - *** At Login Page***
20:33:49.049 [main] INFO  testcases.TC003_LoginDDTest - ***Test Failed***
20:33:49.049 [main] INFO  testcases.TC003_LoginDDTest - ***Finished LoginDDTest***
20:33:49.049 [main] INFO  testcases.TC003_LoginDDTest - ***Starting LoginDDTest***
